# JRE version: Java(TM) SE Runtime Environment (19.0.2+7) (build 19.0.2+7-44)
# Java VM: Java HotSpot(TM) 64-Bit Server VM (19.0.2+7-44, mixed mode, sharing, tiered, compressed oops, compressed class ptrs, g1 gc, windows-amd64)
GC Precious Log:
 CardTable entry size: 512
 Card Set container configuration: InlinePtr #cards 5 size 8 Array Of Cards #cards 12 size 40 Howl #buckets 4 coarsen threshold 1843 Howl Bitmap #cards 512 size 80 coarsen threshold 460 Card regions per heap region 1 cards per card region 2048
 CPUs: 8 total, 8 available
 Memory: 6091M
 Large Page Support: Disabled
 NUMA Support: Disabled
 Compressed Oops: Enabled (32-bit)
 Heap Region Size: 1M
 Heap Min Capacity: 8M
 Heap Initial Capacity: 96M
 Heap Max Capacity: 1524M
 Pre-touch: Disabled
 Parallel Workers: 8
 Concurrent Workers: 2
 Concurrent Refinement Workers: 8
 Periodic GC: Disabled
Heap:
 garbage-first heap   total 261120K, used 122732K [0x00000000a0c00000, 0x0000000100000000)
  region size 1024K, 1 young (1024K), 1 survivors (1024K)
 Metaspace       used 6597K, committed 6784K, reserved 1114112K
  class space    used 781K, committed 896K, reserved 1048576K
GC Heap History (20 events):
Event: 1.954 GC heap after
{Heap after GC invocations=7 (full 0):
 garbage-first heap   total 109568K, used 103325K [0x00000000a0c00000, 0x0000000100000000)
  region size 1024K, 1 young (1024K), 1 survivors (1024K)
 Metaspace       used 6597K, committed 6784K, reserved 1114112K
  class space    used 781K, committed 896K, reserved 1048576K
}
Event: 1.956 GC heap before
{Heap before GC invocations=7 (full 0):
 garbage-first heap   total 109568K, used 103325K [0x00000000a0c00000, 0x0000000100000000)
  region size 1024K, 2 young (2048K), 1 survivors (1024K)
 Metaspace       used 6597K, committed 6784K, reserved 1114112K
  class space    used 781K, committed 896K, reserved 1048576K
}
Event: 1.957 GC heap after
{Heap after GC invocations=8 (full 0):
 garbage-first heap   total 109568K, used 103277K [0x00000000a0c00000, 0x0000000100000000)
  region size 1024K, 1 young (1024K), 1 survivors (1024K)
 Metaspace       used 6597K, committed 6784K, reserved 1114112K
  class space    used 781K, committed 896K, reserved 1048576K
}
Event: 1.969 GC heap before
{Heap before GC invocations=9 (full 0):
 garbage-first heap   total 178176K, used 105325K [0x00000000a0c00000, 0x0000000100000000)
  region size 1024K, 2 young (2048K), 1 survivors (1024K)
 Metaspace       used 6597K, committed 6784K, reserved 1114112K
  class space    used 781K, committed 896K, reserved 1048576K
}
Event: 1.970 GC heap after
{Heap after GC invocations=10 (full 0):
 garbage-first heap   total 214016K, used 105327K [0x00000000a0c00000, 0x0000000100000000)
  region size 1024K, 1 young (1024K), 1 survivors (1024K)
 Metaspace       used 6597K, committed 6784K, reserved 1114112K
  class space    used 781K, committed 896K, reserved 1048576K
}
Event: 1.993 GC heap before
{Heap before GC invocations=11 (full 0):
 garbage-first heap   total 214016K, used 107375K [0x00000000a0c00000, 0x0000000100000000)
  region size 1024K, 2 young (2048K), 1 survivors (1024K)
 Metaspace       used 6597K, committed 6784K, reserved 1114112K
  class space    used 781K, committed 896K, reserved 1048576K
}
Event: 1.994 GC heap after
{Heap after GC invocations=12 (full 0):
 garbage-first heap   total 214016K, used 106196K [0x00000000a0c00000, 0x0000000100000000)
  region size 1024K, 1 young (1024K), 1 survivors (1024K)
 Metaspace       used 6597K, committed 6784K, reserved 1114112K
  class space    used 781K, committed 896K, reserved 1048576K
}
Event: 2.003 GC heap before
{Heap before GC invocations=13 (full 0):
 garbage-first heap   total 214016K, used 108244K [0x00000000a0c00000, 0x0000000100000000)
  region size 1024K, 2 young (2048K), 1 survivors (1024K)
 Metaspace       used 6597K, committed 6784K, reserved 1114112K
  class space    used 781K, committed 896K, reserved 1048576K
}
Event: 2.004 GC heap after
{Heap after GC invocations=14 (full 0):
 garbage-first heap   total 214016K, used 108407K [0x00000000a0c00000, 0x0000000100000000)
  region size 1024K, 1 young (1024K), 1 survivors (1024K)
 Metaspace       used 6597K, committed 6784K, reserved 1114112K
  class space    used 781K, committed 896K, reserved 1048576K
}
Event: 2.014 GC heap before
{Heap before GC invocations=15 (full 0):
 garbage-first heap   total 214016K, used 110455K [0x00000000a0c00000, 0x0000000100000000)
  region size 1024K, 2 young (2048K), 1 survivors (1024K)
 Metaspace       used 6597K, committed 6784K, reserved 1114112K
  class space    used 781K, committed 896K, reserved 1048576K
}
Event: 2.015 GC heap after
{Heap after GC invocations=16 (full 0):
 garbage-first heap   total 214016K, used 110444K [0x00000000a0c00000, 0x0000000100000000)
  region size 1024K, 1 young (1024K), 1 survivors (1024K)
 Metaspace       used 6597K, committed 6784K, reserved 1114112K
  class space    used 781K, committed 896K, reserved 1048576K
}
Event: 2.023 GC heap before
{Heap before GC invocations=17 (full 0):
 garbage-first heap   total 214016K, used 112492K [0x00000000a0c00000, 0x0000000100000000)
  region size 1024K, 2 young (2048K), 1 survivors (1024K)
 Metaspace       used 6597K, committed 6784K, reserved 1114112K
  class space    used 781K, committed 896K, reserved 1048576K
}
Event: 2.025 GC heap after
{Heap after GC invocations=18 (full 0):
 garbage-first heap   total 261120K, used 112493K [0x00000000a0c00000, 0x0000000100000000)
  region size 1024K, 1 young (1024K), 1 survivors (1024K)
 Metaspace       used 6597K, committed 6784K, reserved 1114112K
  class space    used 781K, committed 896K, reserved 1048576K
}
Event: 2.043 GC heap before
{Heap before GC invocations=18 (full 0):
 garbage-first heap   total 261120K, used 118637K [0x00000000a0c00000, 0x0000000100000000)
  region size 1024K, 3 young (3072K), 1 survivors (1024K)
 Metaspace       used 6597K, committed 6784K, reserved 1114112K
  class space    used 781K, committed 896K, reserved 1048576K
}
Event: 2.044 GC heap after
{Heap after GC invocations=19 (full 0):
 garbage-first heap   total 261120K, used 117617K [0x00000000a0c00000, 0x0000000100000000)
  region size 1024K, 1 young (1024K), 1 survivors (1024K)
 Metaspace       used 6597K, committed 6784K, reserved 1114112K
  class space    used 781K, committed 896K, reserved 1048576K
}
Event: 2.056 GC heap before
{Heap before GC invocations=20 (full 0):
 garbage-first heap   total 261120K, used 119665K [0x00000000a0c00000, 0x0000000100000000)
  region size 1024K, 2 young (2048K), 1 survivors (1024K)
 Metaspace       used 6597K, committed 6784K, reserved 1114112K
  class space    used 781K, committed 896K, reserved 1048576K
}
Event: 2.057 GC heap after
{Heap after GC invocations=21 (full 0):
 garbage-first heap   total 261120K, used 119669K [0x00000000a0c00000, 0x0000000100000000)
  region size 1024K, 1 young (1024K), 1 survivors (1024K)
 Metaspace       used 6597K, committed 6784K, reserved 1114112K
  class space    used 781K, committed 896K, reserved 1048576K
}
Event: 2.063 GC heap before
{Heap before GC invocations=22 (full 0):
 garbage-first heap   total 261120K, used 120693K [0x00000000a0c00000, 0x0000000100000000)
  region size 1024K, 2 young (2048K), 1 survivors (1024K)
 Metaspace       used 6597K, committed 6784K, reserved 1114112K
  class space    used 781K, committed 896K, reserved 1048576K
}
Event: 2.064 GC heap after
{Heap after GC invocations=23 (full 0):
 garbage-first heap   total 261120K, used 120688K [0x00000000a0c00000, 0x0000000100000000)
  region size 1024K, 1 young (1024K), 1 survivors (1024K)
 Metaspace       used 6597K, committed 6784K, reserved 1114112K
  class space    used 781K, committed 896K, reserved 1048576K
}
Event: 2.073 GC heap before
{Heap before GC invocations=24 (full 0):
 garbage-first heap   total 261120K, used 122736K [0x00000000a0c00000, 0x0000000100000000)
  region size 1024K, 2 young (2048K), 1 survivors (1024K)
 Metaspace       used 6597K, committed 6784K, reserved 1114112K
  class space    used 781K, committed 896K, reserved 1048576K
}

